TN:
SF:scripts\workers\exportQueue.js
FN:30,(anonymous_0)
FN:41,(anonymous_1)
FN:95,(anonymous_2)
FN:132,(anonymous_3)
FN:136,(anonymous_4)
FNF:5
FNH:3
FNDA:3,(anonymous_0)
FNDA:4,(anonymous_1)
FNDA:2,(anonymous_2)
FNDA:0,(anonymous_3)
FNDA:0,(anonymous_4)
DA:17,1
DA:18,1
DA:19,1
DA:20,1
DA:22,1
DA:23,0
DA:24,0
DA:26,0
DA:30,1
DA:31,3
DA:32,3
DA:41,1
DA:43,4
DA:45,4
DA:46,4
DA:50,4
DA:53,4
DA:54,4
DA:56,1
DA:57,1
DA:60,3
DA:61,3
DA:64,3
DA:65,3
DA:66,3
DA:69,3
DA:72,3
DA:73,3
DA:76,3
DA:78,3
DA:82,3
DA:85,3
DA:86,3
DA:87,2
DA:89,1
DA:93,2
DA:94,2
DA:95,2
DA:96,2
DA:97,2
DA:99,0
DA:102,2
DA:105,2
DA:106,2
DA:107,2
DA:108,2
DA:110,2
DA:113,2
DA:115,1
DA:116,1
DA:117,1
DA:118,1
DA:119,1
DA:120,1
DA:122,0
DA:129,1
DA:130,0
DA:131,0
DA:133,0
DA:134,0
DA:137,0
DA:138,0
LF:62
LH:51
BRDA:22,0,0,0
BRDA:22,0,1,1
BRDA:54,1,0,1
BRDA:54,1,1,3
BRDA:72,2,0,3
BRDA:72,2,1,0
BRDA:73,3,0,3
BRDA:73,3,1,0
BRDA:78,4,0,2
BRDA:78,4,1,1
BRDA:86,5,0,2
BRDA:86,5,1,1
BRDA:102,6,0,0
BRDA:102,6,1,2
BRDA:116,7,0,1
BRDA:116,7,1,0
BRDA:129,8,0,0
BRDA:129,8,1,1
BRF:18
BRH:12
end_of_record
