TN:
SF:config\wmsConstants.js
FNF:0
FNH:0
DA:3,1
DA:10,1
LF:2
LH:2
BRF:0
BRH:0
end_of_record
TN:
SF:services\attendanceImportService.js
FN:26,processAttendanceImport
FN:78,(anonymous_1)
FN:117,(anonymous_2)
FN:117,(anonymous_3)
FN:121,(anonymous_4)
FN:121,(anonymous_5)
FN:143,(anonymous_6)
FN:211,(anonymous_7)
FN:277,analyzeFileStructure
FN:303,(anonymous_9)
FN:326,parseCsvToUserData
FN:327,(anonymous_11)
FN:335,(anonymous_12)
FN:338,(anonymous_13)
FN:348,(anonymous_14)
FN:393,(anonymous_15)
FN:394,(anonymous_16)
FN:398,determineLogType
FN:423,oo_cm
FNF:19
FNH:18
FNDA:6,processAttendanceImport
FNDA:14,(anonymous_1)
FNDA:14,(anonymous_2)
FNDA:7,(anonymous_3)
FNDA:14,(anonymous_4)
FNDA:7,(anonymous_5)
FNDA:26,(anonymous_6)
FNDA:12,(anonymous_7)
FNDA:6,analyzeFileStructure
FNDA:192,(anonymous_9)
FNDA:6,parseCsvToUserData
FNDA:6,(anonymous_11)
FNDA:18,(anonymous_12)
FNDA:18,(anonymous_13)
FNDA:48,(anonymous_14)
FNDA:6,(anonymous_15)
FNDA:0,(anonymous_16)
FNDA:18,determineLogType
FNDA:34,oo_cm
DA:9,1
DA:10,1
DA:11,1
DA:12,1
DA:15,1
DA:35,6
DA:37,6
DA:38,6
DA:39,6
DA:40,1
DA:43,6
DA:44,6
DA:51,6
DA:58,6
DA:59,6
DA:60,6
DA:61,1
DA:62,0
DA:63,0
DA:65,1
DA:70,5
DA:71,5
DA:72,9
DA:74,5
DA:77,5
DA:78,14
DA:80,5
DA:81,5
DA:82,5
DA:83,5
DA:85,5
DA:90,5
DA:92,5
DA:94,4
DA:95,4
DA:96,7
DA:97,7
DA:101,7
DA:104,7
DA:105,7
DA:106,7
DA:107,7
DA:108,7
DA:112,7
DA:117,14
DA:118,7
DA:121,14
DA:122,7
DA:125,7
DA:126,7
DA:127,7
DA:128,7
DA:129,3
DA:134,7
DA:135,7
DA:136,7
DA:137,7
DA:138,4
DA:143,7
DA:144,26
DA:145,26
DA:148,26
DA:149,26
DA:153,7
DA:158,7
DA:159,7
DA:160,7
DA:161,7
DA:165,7
DA:166,7
DA:171,7
DA:182,7
DA:192,6
DA:194,6
DA:195,0
DA:199,0
DA:203,6
DA:204,6
DA:205,6
DA:211,12
DA:217,6
DA:218,6
DA:222,6
DA:227,6
DA:229,6
DA:230,0
DA:233,1
DA:234,1
DA:240,4
DA:241,1
DA:242,1
DA:244,3
DA:245,3
DA:249,4
DA:251,4
DA:254,0
DA:255,0
DA:258,4
DA:262,4
DA:268,2
DA:269,2
DA:278,6
DA:279,6
DA:281,6
DA:282,6
DA:283,6
DA:284,6
DA:287,6
DA:289,6
DA:291,42
DA:292,5
DA:293,5
DA:294,5
DA:295,5
DA:300,42
DA:302,24
DA:303,24
DA:304,192
DA:306,24
DA:307,6
DA:311,42
DA:312,42
DA:315,6
DA:318,6
DA:320,6
DA:327,6
DA:328,6
DA:329,6
DA:331,6
DA:335,18
DA:341,18
DA:343,2
DA:344,2
DA:345,2
DA:348,16
DA:349,48
DA:350,48
DA:352,0
DA:355,16
DA:356,16
DA:357,16
DA:360,18
DA:365,18
DA:366,18
DA:367,18
DA:368,18
DA:371,0
DA:374,18
DA:377,18
DA:378,18
DA:380,18
DA:381,18
DA:383,18
DA:384,18
DA:387,18
DA:389,18
DA:390,18
DA:393,6
DA:394,0
DA:401,18
DA:404,9
DA:405,9
DA:407,9
DA:410,0
DA:411,0
DA:413,0
DA:415,0
DA:423,34
LF:168
LH:154
BRDA:30,0,0,2
BRDA:31,1,0,2
BRDA:32,2,0,2
BRDA:33,3,0,5
BRDA:37,4,0,6
BRDA:37,4,1,2
BRDA:39,5,0,1
BRDA:39,5,1,5
BRDA:60,6,0,1
BRDA:60,6,1,5
BRDA:60,7,0,6
BRDA:60,7,1,5
BRDA:61,8,0,0
BRDA:61,8,1,1
BRDA:90,9,0,1
BRDA:90,9,1,4
BRDA:101,10,0,7
BRDA:101,10,1,0
BRDA:118,11,0,7
BRDA:118,11,1,0
BRDA:122,12,0,7
BRDA:122,12,1,0
BRDA:126,13,0,7
BRDA:126,13,1,0
BRDA:128,14,0,3
BRDA:128,14,1,4
BRDA:135,15,0,7
BRDA:135,15,1,0
BRDA:136,16,0,1
BRDA:136,16,1,6
BRDA:137,17,0,4
BRDA:137,17,1,3
BRDA:144,18,0,0
BRDA:144,18,1,26
BRDA:144,19,0,26
BRDA:144,19,1,26
BRDA:159,20,0,3
BRDA:159,20,1,4
BRDA:160,21,0,4
BRDA:160,21,1,3
BRDA:161,22,0,7
BRDA:161,22,1,0
BRDA:165,23,0,0
BRDA:165,23,1,7
BRDA:167,24,0,2
BRDA:167,24,1,5
BRDA:194,25,0,0
BRDA:194,25,1,6
BRDA:194,26,0,6
BRDA:194,26,1,6
BRDA:199,27,0,0
BRDA:199,27,1,0
BRDA:203,28,0,6
BRDA:203,28,1,0
BRDA:214,29,0,12
BRDA:214,29,1,0
BRDA:217,30,0,6
BRDA:217,30,1,0
BRDA:229,31,0,0
BRDA:229,31,1,6
BRDA:229,32,0,6
BRDA:229,32,1,2
BRDA:240,33,0,1
BRDA:240,33,1,3
BRDA:249,34,0,1
BRDA:249,34,1,3
BRDA:258,35,0,1
BRDA:258,35,1,3
BRDA:291,36,0,5
BRDA:291,36,1,37
BRDA:291,37,0,42
BRDA:291,37,1,19
BRDA:293,38,0,5
BRDA:293,38,1,0
BRDA:300,39,0,24
BRDA:300,39,1,18
BRDA:304,40,0,26
BRDA:304,40,1,166
BRDA:306,41,0,6
BRDA:306,41,1,18
BRDA:312,42,0,0
BRDA:312,42,1,42
BRDA:318,43,0,0
BRDA:318,43,1,6
BRDA:326,44,0,0
BRDA:341,45,0,2
BRDA:341,45,1,16
BRDA:350,46,0,48
BRDA:350,46,1,0
BRDA:360,47,0,0
BRDA:360,47,1,18
BRDA:360,48,0,18
BRDA:360,48,1,18
BRDA:360,48,2,18
BRDA:366,49,0,18
BRDA:366,49,1,0
BRDA:366,50,0,18
BRDA:366,50,1,18
BRDA:367,51,0,18
BRDA:367,51,1,0
BRDA:374,52,0,0
BRDA:374,52,1,18
BRDA:377,53,0,5
BRDA:377,53,1,13
BRDA:377,54,0,18
BRDA:377,54,1,13
BRDA:378,55,0,10
BRDA:378,55,1,8
BRDA:378,56,0,18
BRDA:378,56,1,13
BRDA:383,57,0,9
BRDA:383,57,1,9
BRDA:384,58,0,9
BRDA:384,58,1,9
BRDA:389,59,0,18
BRDA:389,59,1,0
BRDA:401,60,0,9
BRDA:401,60,1,9
BRDA:401,61,0,18
BRDA:401,61,1,18
BRDA:405,62,0,1
BRDA:405,62,1,8
BRDA:407,63,0,9
BRDA:407,63,1,0
BRDA:410,64,0,0
BRDA:410,64,1,0
BRDA:410,65,0,0
BRDA:410,65,1,0
BRDA:413,66,0,0
BRDA:413,66,1,0
BRDA:413,67,0,0
BRDA:413,67,1,0
BRDA:423,68,0,34
BRDA:423,68,1,1
BRF:134
BRH:99
end_of_record
TN:
SF:services\helpers\pickingValidationHelper.js
FN:11,logTrace
FN:22,handleExistingInvoices
FN:25,(anonymous_2)
FN:29,(anonymous_3)
FN:29,(anonymous_4)
FN:38,(anonymous_5)
FN:173,(anonymous_6)
FN:173,(anonymous_7)
FN:178,(anonymous_8)
FN:220,fetchReferenceData
FN:225,(anonymous_10)
FN:226,(anonymous_11)
FN:226,(anonymous_12)
FN:227,(anonymous_13)
FN:227,(anonymous_14)
FN:232,(anonymous_15)
FN:239,(anonymous_16)
FN:240,(anonymous_17)
FN:251,(anonymous_18)
FN:253,(anonymous_19)
FN:270,calculateValidations
FN:281,(anonymous_21)
FN:301,(anonymous_22)
FN:304,(anonymous_23)
FN:318,(anonymous_24)
FN:356,insertPickingHeader
FN:372,insertPickingItems
FN:377,(anonymous_27)
FN:407,enrichComponentWithStock
FN:410,(anonymous_29)
FN:424,oo_cm
FNF:31
FNH:15
FNDA:13,logTrace
FNDA:5,handleExistingInvoices
FNDA:5,(anonymous_2)
FNDA:5,(anonymous_3)
FNDA:5,(anonymous_4)
FNDA:4,(anonymous_5)
FNDA:1,(anonymous_6)
FNDA:1,(anonymous_7)
FNDA:1,(anonymous_8)
FNDA:0,fetchReferenceData
FNDA:0,(anonymous_10)
FNDA:0,(anonymous_11)
FNDA:0,(anonymous_12)
FNDA:0,(anonymous_13)
FNDA:0,(anonymous_14)
FNDA:0,(anonymous_15)
FNDA:0,(anonymous_16)
FNDA:0,(anonymous_17)
FNDA:0,(anonymous_18)
FNDA:0,(anonymous_19)
FNDA:4,calculateValidations
FNDA:4,(anonymous_21)
FNDA:1,(anonymous_22)
FNDA:1,(anonymous_23)
FNDA:2,(anonymous_24)
FNDA:0,insertPickingHeader
FNDA:0,insertPickingItems
FNDA:0,(anonymous_27)
FNDA:0,enrichComponentWithStock
FNDA:0,(anonymous_29)
FNDA:13,oo_cm
DA:10,1
DA:12,13
DA:13,13
DA:14,13
DA:15,13
DA:23,5
DA:25,5
DA:26,5
DA:29,5
DA:31,5
DA:32,0
DA:33,0
DA:37,5
DA:38,5
DA:39,5
DA:42,5
DA:43,5
DA:44,5
DA:45,5
DA:46,5
DA:48,5
DA:49,5
DA:50,5
DA:52,5
DA:53,4
DA:56,4
DA:61,1
DA:62,1
DA:63,1
DA:64,1
DA:70,3
DA:74,2
DA:75,1
DA:79,1
DA:80,1
DA:86,1
DA:87,1
DA:92,1
DA:93,1
DA:94,0
DA:95,0
DA:96,0
DA:102,0
DA:108,1
DA:109,1
DA:114,1
DA:119,1
DA:120,1
DA:121,1
DA:125,0
DA:128,0
DA:129,0
DA:134,0
DA:137,0
DA:138,0
DA:143,0
DA:144,0
DA:145,0
DA:150,1
DA:151,1
DA:159,5
DA:160,5
DA:161,1
DA:162,1
DA:166,5
DA:167,5
DA:168,1
DA:169,1
DA:173,5
DA:174,5
DA:175,1
DA:178,5
DA:179,5
DA:182,0
DA:186,0
DA:187,0
DA:188,0
DA:191,0
DA:192,0
DA:198,5
DA:199,5
DA:200,2
DA:201,2
DA:202,2
DA:206,5
DA:207,5
DA:208,0
DA:209,0
DA:211,0
DA:214,5
DA:221,0
DA:222,0
DA:224,0
DA:225,0
DA:226,0
DA:227,0
DA:228,0
DA:229,0
DA:230,0
DA:231,0
DA:232,0
DA:233,0
DA:234,0
DA:239,0
DA:240,0
DA:244,0
DA:247,0
DA:248,0
DA:249,0
DA:251,0
DA:252,0
DA:253,0
DA:254,0
DA:255,0
DA:257,0
DA:259,0
DA:271,4
DA:273,4
DA:274,4
DA:275,4
DA:280,4
DA:281,4
DA:282,4
DA:283,4
DA:286,4
DA:287,4
DA:288,4
DA:290,4
DA:291,3
DA:292,3
DA:293,3
DA:295,3
DA:296,1
DA:297,1
DA:298,0
DA:299,0
DA:301,1
DA:302,1
DA:303,1
DA:304,1
DA:305,1
DA:306,1
DA:314,1
DA:317,2
DA:318,2
DA:319,2
DA:320,2
DA:327,2
DA:328,1
DA:332,3
DA:333,0
DA:334,0
DA:337,3
DA:347,1
DA:350,4
DA:357,0
DA:373,0
DA:374,0
DA:375,0
DA:376,0
DA:377,0
DA:378,0
DA:388,0
DA:389,0
DA:399,0
DA:400,0
DA:408,0
DA:409,0
DA:410,0
DA:411,0
DA:424,13
LF:171
LH:102
BRDA:11,0,0,13
BRDA:12,1,0,0
BRDA:12,1,1,13
BRDA:15,2,0,0
BRDA:15,2,1,13
BRDA:26,3,0,5
BRDA:26,3,1,0
BRDA:31,4,0,0
BRDA:31,4,1,5
BRDA:50,5,0,5
BRDA:50,5,1,0
BRDA:52,6,0,4
BRDA:52,6,1,1
BRDA:56,7,0,1
BRDA:56,7,1,3
BRDA:57,8,0,4
BRDA:57,8,1,4
BRDA:57,8,2,3
BRDA:70,9,0,2
BRDA:70,9,1,1
BRDA:70,10,0,3
BRDA:70,10,1,1
BRDA:74,11,0,1
BRDA:74,11,1,1
BRDA:79,12,0,1
BRDA:79,12,1,0
BRDA:86,13,0,1
BRDA:86,13,1,0
BRDA:93,14,0,0
BRDA:93,14,1,1
BRDA:93,15,0,1
BRDA:93,15,1,1
BRDA:95,16,0,0
BRDA:95,16,1,0
BRDA:108,17,0,1
BRDA:108,17,1,0
BRDA:108,18,0,1
BRDA:108,18,1,1
BRDA:114,19,0,1
BRDA:114,19,1,0
BRDA:115,20,0,1
BRDA:115,20,1,0
BRDA:115,20,2,0
BRDA:119,21,0,1
BRDA:119,21,1,0
BRDA:125,22,0,0
BRDA:125,22,1,0
BRDA:128,23,0,0
BRDA:128,23,1,0
BRDA:137,24,0,0
BRDA:137,24,1,0
BRDA:143,25,0,0
BRDA:143,25,1,0
BRDA:150,26,0,1
BRDA:150,26,1,0
BRDA:186,27,0,0
BRDA:186,27,1,0
BRDA:188,28,0,0
BRDA:188,28,1,0
BRDA:208,29,0,0
BRDA:208,29,1,0
BRDA:222,30,0,0
BRDA:222,30,1,0
BRDA:230,31,0,0
BRDA:230,31,1,0
BRDA:233,32,0,0
BRDA:233,32,1,0
BRDA:242,33,0,0
BRDA:242,33,1,0
BRDA:248,34,0,0
BRDA:248,34,1,0
BRDA:254,35,0,0
BRDA:254,35,1,0
BRDA:282,36,0,4
BRDA:282,36,1,4
BRDA:290,37,0,3
BRDA:290,37,1,1
BRDA:295,38,0,1
BRDA:295,38,1,2
BRDA:297,39,0,0
BRDA:297,39,1,1
BRDA:303,40,0,1
BRDA:303,40,1,0
BRDA:305,41,0,1
BRDA:305,41,1,0
BRDA:310,42,0,1
BRDA:310,42,1,0
BRDA:317,43,0,2
BRDA:317,43,1,0
BRDA:319,44,0,2
BRDA:319,44,1,1
BRDA:323,45,0,1
BRDA:323,45,1,1
BRDA:327,46,0,1
BRDA:327,46,1,1
BRDA:332,47,0,0
BRDA:332,47,1,3
BRDA:342,48,0,0
BRDA:342,48,1,3
BRDA:343,49,0,0
BRDA:343,49,1,3
BRDA:364,50,0,0
BRDA:364,50,1,0
BRDA:376,51,0,0
BRDA:376,51,1,0
BRDA:383,52,0,0
BRDA:383,52,1,0
BRDA:394,53,0,0
BRDA:394,53,1,0
BRDA:399,54,0,0
BRDA:399,54,1,0
BRDA:409,55,0,0
BRDA:409,55,1,0
BRDA:415,56,0,0
BRDA:415,56,1,0
BRDA:424,57,0,13
BRDA:424,57,1,1
BRF:117
BRH:53
end_of_record
